<?xml version="1.0" encoding="UTF-8"?>
<!-- Generated by org.testng.reporters.JUnitReportReporter -->
<testsuite hostname="Ravind-Nayar" name="com.crm.qa.testcases.LoginPageTest" tests="3" failures="0" timestamp="26 Jun 2020 08:11:33 GMT" time="5.440" errors="0">
  <testcase name="loginTest" time="5.171" classname="com.crm.qa.testcases.LoginPageTest"/>
  <testcase name="validatePlayStoreIconTest" time="0.258" classname="com.crm.qa.testcases.LoginPageTest"/>
  <testcase name="loginPageTitleTest" time="0.011" classname="com.crm.qa.testcases.LoginPageTest"/>
</testsuite> <!-- com.crm.qa.testcases.LoginPageTest -->
